<?xml version="1.0" encoding="UTF-8"?>
<!-- Generated by org.testng.reporters.JUnitXMLReporter -->
<testsuite hostname="user-VAIO" ignored="0" name="Default test" tests="3" failures="0" timestamp="06 Jul 2018 20:22:57 GMT" time="101.268" errors="0">
  <testcase name="verifyContactsPageLabel" time="0.108" classname="com.crm.qa.testcases.ContantsPageTest"/>
  <testcase name="selectSingleContactsTest" time="0.278" classname="com.crm.qa.testcases.ContantsPageTest"/>
  <testcase name="selectMultipleContactsTest" time="0.539" classname="com.crm.qa.testcases.ContantsPageTest"/>
</testsuite> <!-- Default test -->
